2019-10-31 22:27:18 ERROR com.zhima.util.log4j.LogInit:main - 
java.lang.ClassNotFoundException: com.zhima.frame.ui.sam.SamDictionaryUi
	at java.net.URLClassLoader.findClass(Unknown Source)
	at java.lang.ClassLoader.loadClass(Unknown Source)
	at sun.misc.Launcher$AppClassLoader.loadClass(Unknown Source)
	at java.lang.ClassLoader.loadClass(Unknown Source)
	at java.lang.Class.forName0(Native Method)
	at java.lang.Class.forName(Unknown Source)
	at com.zhima.frame.ui.main.MainUi.getModuleTab(MainUi.java:1387)
	at com.zhima.frame.ui.main.MainUi$30.widgetSelected(MainUi.java:1099)
	at com.hexapixel.widgets.ribbon.AbstractRibbonGroupItem.notifySelectionListeners(AbstractRibbonGroupItem.java:460)
	at com.hexapixel.widgets.ribbon.RibbonGroup.mouseDown(RibbonGroup.java:574)
	at org.eclipse.swt.widgets.TypedListener.handleEvent(TypedListener.java:193)
	at org.eclipse.swt.widgets.EventTable.sendEvent(EventTable.java:86)
	at org.eclipse.swt.widgets.Display.sendEvent(Display.java:4118)
	at org.eclipse.swt.widgets.Widget.sendEvent(Widget.java:1052)
	at org.eclipse.swt.widgets.Display.runDeferredEvents(Display.java:3931)
	at org.eclipse.swt.widgets.Display.readAndDispatch(Display.java:3534)
	at com.zhima.frame.ui.main.MainUi.open(MainUi.java:413)
	at com.zhima.frame.ui.main.LoginDialog.userLogin(LoginDialog.java:458)
	at com.zhima.frame.ui.main.LoginDialog$8.widgetSelected(LoginDialog.java:336)
	at org.eclipse.swt.widgets.TypedListener.handleEvent(TypedListener.java:249)
	at org.eclipse.swt.widgets.EventTable.sendEvent(EventTable.java:86)
	at org.eclipse.swt.widgets.Display.sendEvent(Display.java:4118)
	at org.eclipse.swt.widgets.Widget.sendEvent(Widget.java:1052)
	at org.eclipse.swt.widgets.Display.runDeferredEvents(Display.java:3931)
	at org.eclipse.swt.widgets.Display.readAndDispatch(Display.java:3534)
	at com.zhima.frame.ui.main.LoginDialog.open(LoginDialog.java:80)
	at com.zhima.frame.ui.main.LoginUi.main(LoginUi.java:30)
	at sun.reflect.NativeMethodAccessorImpl.invoke0(Native Method)
	at sun.reflect.NativeMethodAccessorImpl.invoke(Unknown Source)
	at sun.reflect.DelegatingMethodAccessorImpl.invoke(Unknown Source)
	at java.lang.reflect.Method.invoke(Unknown Source)
	at com.exe4j.runtime.LauncherEngine.launch(LauncherEngine.java:85)
	at com.exe4j.runtime.WinLauncher.main(WinLauncher.java:94)

